# JRE version: OpenJDK Runtime Environment (17.0.11) (build 17.0.11+0--11852314)
# Java VM: OpenJDK 64-Bit Server VM (17.0.11+0--11852314, mixed mode, tiered, compressed oops, compressed class ptrs, g1 gc, windows-amd64)
GC Precious Log:
 CPUs: 8 total, 8 available
 Memory: 16026M
 Large Page Support: Disabled
 NUMA Support: Disabled
 Compressed Oops: Enabled (32-bit)
 Heap Region Size: 1M
 Heap Min Capacity: 8M
 Heap Initial Capacity: 252M
 Heap Max Capacity: 2G
 Pre-touch: Disabled
 Parallel Workers: 8
 Concurrent Workers: 2
 Concurrent Refinement Workers: 8
 Periodic GC: Disabled
Heap:
 garbage-first heap   total 269312K, used 221330K [0x0000000080000000, 0x0000000100000000)
  region size 1024K, 67 young (68608K), 12 survivors (12288K)
 Metaspace       used 117838K, committed 118720K, reserved 1179648K
  class space    used 16025K, committed 16384K, reserved 1048576K
GC Heap History (20 events):
Event: 18.272 GC heap before
{Heap before GC invocations=48 (full 0):
 garbage-first heap   total 220160K, used 196047K [0x0000000080000000, 0x0000000100000000)
  region size 1024K, 98 young (100352K), 14 survivors (14336K)
 Metaspace       used 72681K, committed 73344K, reserved 1114112K
  class space    used 9917K, committed 10240K, reserved 1048576K
}
Event: 18.283 GC heap after
{Heap after GC invocations=49 (full 0):
 garbage-first heap   total 223232K, used 121497K [0x0000000080000000, 0x0000000100000000)
  region size 1024K, 12 young (12288K), 12 survivors (12288K)
 Metaspace       used 72681K, committed 73344K, reserved 1114112K
  class space    used 9917K, committed 10240K, reserved 1048576K
}
Event: 18.909 GC heap before
{Heap before GC invocations=49 (full 0):
 garbage-first heap   total 223232K, used 182937K [0x0000000080000000, 0x0000000100000000)
  region size 1024K, 72 young (73728K), 12 survivors (12288K)
 Metaspace       used 79051K, committed 79744K, reserved 1179648K
  class space    used 10659K, committed 11008K, reserved 1048576K
}
Event: 18.914 GC heap after
{Heap after GC invocations=50 (full 0):
 garbage-first heap   total 223232K, used 122297K [0x0000000080000000, 0x0000000100000000)
  region size 1024K, 3 young (3072K), 3 survivors (3072K)
 Metaspace       used 79051K, committed 79744K, reserved 1179648K
  class space    used 10659K, committed 11008K, reserved 1048576K
}
Event: 19.473 GC heap before
{Heap before GC invocations=51 (full 0):
 garbage-first heap   total 223232K, used 186809K [0x0000000080000000, 0x0000000100000000)
  region size 1024K, 63 young (64512K), 3 survivors (3072K)
 Metaspace       used 83300K, committed 84032K, reserved 1179648K
  class space    used 11219K, committed 11584K, reserved 1048576K
}
Event: 19.478 GC heap after
{Heap after GC invocations=52 (full 0):
 garbage-first heap   total 223232K, used 126607K [0x0000000080000000, 0x0000000100000000)
  region size 1024K, 8 young (8192K), 8 survivors (8192K)
 Metaspace       used 83300K, committed 84032K, reserved 1179648K
  class space    used 11219K, committed 11584K, reserved 1048576K
}
Event: 19.501 GC heap before
{Heap before GC invocations=52 (full 0):
 garbage-first heap   total 223232K, used 128655K [0x0000000080000000, 0x0000000100000000)
  region size 1024K, 10 young (10240K), 8 survivors (8192K)
 Metaspace       used 83460K, committed 84160K, reserved 1179648K
  class space    used 11242K, committed 11584K, reserved 1048576K
}
Event: 19.506 GC heap after
{Heap after GC invocations=53 (full 0):
 garbage-first heap   total 223232K, used 121935K [0x0000000080000000, 0x0000000100000000)
  region size 1024K, 1 young (1024K), 1 survivors (1024K)
 Metaspace       used 83460K, committed 84160K, reserved 1179648K
  class space    used 11242K, committed 11584K, reserved 1048576K
}
Event: 20.150 GC heap before
{Heap before GC invocations=53 (full 0):
 garbage-first heap   total 223232K, used 187471K [0x0000000080000000, 0x0000000100000000)
  region size 1024K, 61 young (62464K), 1 survivors (1024K)
 Metaspace       used 89636K, committed 90432K, reserved 1179648K
  class space    used 12107K, committed 12480K, reserved 1048576K
}
Event: 20.153 GC heap after
{Heap after GC invocations=54 (full 0):
 garbage-first heap   total 223232K, used 128327K [0x0000000080000000, 0x0000000100000000)
  region size 1024K, 3 young (3072K), 3 survivors (3072K)
 Metaspace       used 89636K, committed 90432K, reserved 1179648K
  class space    used 12107K, committed 12480K, reserved 1048576K
}
Event: 20.698 GC heap before
{Heap before GC invocations=55 (full 0):
 garbage-first heap   total 224256K, used 185671K [0x0000000080000000, 0x0000000100000000)
  region size 1024K, 59 young (60416K), 3 survivors (3072K)
 Metaspace       used 93159K, committed 93888K, reserved 1179648K
  class space    used 12582K, committed 12928K, reserved 1048576K
}
Event: 20.706 GC heap after
{Heap after GC invocations=56 (full 0):
 garbage-first heap   total 224256K, used 133463K [0x0000000080000000, 0x0000000100000000)
  region size 1024K, 8 young (8192K), 8 survivors (8192K)
 Metaspace       used 93159K, committed 93888K, reserved 1179648K
  class space    used 12582K, committed 12928K, reserved 1048576K
}
Event: 20.720 GC heap before
{Heap before GC invocations=56 (full 0):
 garbage-first heap   total 224256K, used 134487K [0x0000000080000000, 0x0000000100000000)
  region size 1024K, 10 young (10240K), 8 survivors (8192K)
 Metaspace       used 93159K, committed 93888K, reserved 1179648K
  class space    used 12582K, committed 12928K, reserved 1048576K
}
Event: 20.725 GC heap after
{Heap after GC invocations=57 (full 0):
 garbage-first heap   total 269312K, used 132037K [0x0000000080000000, 0x0000000100000000)
  region size 1024K, 2 young (2048K), 2 survivors (2048K)
 Metaspace       used 93159K, committed 93888K, reserved 1179648K
  class space    used 12582K, committed 12928K, reserved 1048576K
}
Event: 21.590 GC heap before
{Heap before GC invocations=57 (full 0):
 garbage-first heap   total 269312K, used 222149K [0x0000000080000000, 0x0000000100000000)
  region size 1024K, 89 young (91136K), 2 survivors (2048K)
 Metaspace       used 98656K, committed 99456K, reserved 1179648K
  class space    used 13453K, committed 13824K, reserved 1048576K
}
Event: 21.594 GC heap after
{Heap after GC invocations=58 (full 0):
 garbage-first heap   total 269312K, used 135096K [0x0000000080000000, 0x0000000100000000)
  region size 1024K, 5 young (5120K), 5 survivors (5120K)
 Metaspace       used 98656K, committed 99456K, reserved 1179648K
  class space    used 13453K, committed 13824K, reserved 1048576K
}
Event: 22.454 GC heap before
{Heap before GC invocations=58 (full 0):
 garbage-first heap   total 269312K, used 226232K [0x0000000080000000, 0x0000000100000000)
  region size 1024K, 90 young (92160K), 5 survivors (5120K)
 Metaspace       used 104963K, committed 105792K, reserved 1179648K
  class space    used 14265K, committed 14656K, reserved 1048576K
}
Event: 22.463 GC heap after
{Heap after GC invocations=59 (full 0):
 garbage-first heap   total 269312K, used 141179K [0x0000000080000000, 0x0000000100000000)
  region size 1024K, 11 young (11264K), 11 survivors (11264K)
 Metaspace       used 104963K, committed 105792K, reserved 1179648K
  class space    used 14265K, committed 14656K, reserved 1048576K
}
Event: 23.267 GC heap before
{Heap before GC invocations=59 (full 0):
 garbage-first heap   total 269312K, used 237435K [0x0000000080000000, 0x0000000100000000)
  region size 1024K, 91 young (93184K), 11 survivors (11264K)
 Metaspace       used 112208K, committed 113088K, reserved 1179648K
  class space    used 15267K, committed 15680K, reserved 1048576K
}
Event: 23.277 GC heap after
{Heap after GC invocations=60 (full 0):
 garbage-first heap   total 269312K, used 165010K [0x0000000080000000, 0x0000000100000000)
  region size 1024K, 12 young (12288K), 12 survivors (12288K)
 Metaspace       used 112208K, committed 113088K, reserved 1179648K
  class space    used 15267K, committed 15680K, reserved 1048576K
}

