# JRE version: OpenJDK Runtime Environment (17.0.11) (build 17.0.11+0--11852314)
# Java VM: OpenJDK 64-Bit Server VM (17.0.11+0--11852314, mixed mode, tiered, compressed oops, compressed class ptrs, g1 gc, windows-amd64)
GC Precious Log:
 CPUs: 8 total, 8 available
 Memory: 16026M
 Large Page Support: Disabled
 NUMA Support: Disabled
 Compressed Oops: Enabled (32-bit)
 Heap Region Size: 1M
 Heap Min Capacity: 8M
 Heap Initial Capacity: 252M
 Heap Max Capacity: 2G
 Pre-touch: Disabled
 Parallel Workers: 8
 Concurrent Workers: 2
 Concurrent Refinement Workers: 8
 Periodic GC: Disabled
Heap:
 garbage-first heap   total 202752K, used 140333K [0x0000000080000000, 0x0000000100000000)
  region size 1024K, 74 young (75776K), 6 survivors (6144K)
 Metaspace       used 57889K, committed 58368K, reserved 1114112K
  class space    used 7806K, committed 8000K, reserved 1048576K
GC Heap History (20 events):
Event: 13.309 GC heap before
{Heap before GC invocations=45 (full 0):
 garbage-first heap   total 168960K, used 145226K [0x0000000080000000, 0x0000000100000000)
  region size 1024K, 87 young (89088K), 5 survivors (5120K)
 Metaspace       used 57257K, committed 57664K, reserved 1114112K
  class space    used 7751K, committed 7936K, reserved 1048576K
}
Event: 13.313 GC heap after
{Heap after GC invocations=46 (full 0):
 garbage-first heap   total 168960K, used 61918K [0x0000000080000000, 0x0000000100000000)
  region size 1024K, 6 young (6144K), 6 survivors (6144K)
 Metaspace       used 57257K, committed 57664K, reserved 1114112K
  class space    used 7751K, committed 7936K, reserved 1048576K
}
Event: 13.663 GC heap before
{Heap before GC invocations=46 (full 0):
 garbage-first heap   total 168960K, used 143838K [0x0000000080000000, 0x0000000100000000)
  region size 1024K, 86 young (88064K), 6 survivors (6144K)
 Metaspace       used 57267K, committed 57664K, reserved 1114112K
  class space    used 7751K, committed 7936K, reserved 1048576K
}
Event: 13.667 GC heap after
{Heap after GC invocations=47 (full 0):
 garbage-first heap   total 168960K, used 62662K [0x0000000080000000, 0x0000000100000000)
  region size 1024K, 7 young (7168K), 7 survivors (7168K)
 Metaspace       used 57267K, committed 57664K, reserved 1114112K
  class space    used 7751K, committed 7936K, reserved 1048576K
}
Event: 13.967 GC heap before
{Heap before GC invocations=47 (full 0):
 garbage-first heap   total 168960K, used 142534K [0x0000000080000000, 0x0000000100000000)
  region size 1024K, 85 young (87040K), 7 survivors (7168K)
 Metaspace       used 57267K, committed 57664K, reserved 1114112K
  class space    used 7751K, committed 7936K, reserved 1048576K
}
Event: 13.971 GC heap after
{Heap after GC invocations=48 (full 0):
 garbage-first heap   total 168960K, used 63739K [0x0000000080000000, 0x0000000100000000)
  region size 1024K, 7 young (7168K), 7 survivors (7168K)
 Metaspace       used 57267K, committed 57664K, reserved 1114112K
  class space    used 7751K, committed 7936K, reserved 1048576K
}
Event: 14.210 GC heap before
{Heap before GC invocations=48 (full 0):
 garbage-first heap   total 168960K, used 142587K [0x0000000080000000, 0x0000000100000000)
  region size 1024K, 84 young (86016K), 7 survivors (7168K)
 Metaspace       used 57267K, committed 57664K, reserved 1114112K
  class space    used 7751K, committed 7936K, reserved 1048576K
}
Event: 14.214 GC heap after
{Heap after GC invocations=49 (full 0):
 garbage-first heap   total 168960K, used 64664K [0x0000000080000000, 0x0000000100000000)
  region size 1024K, 7 young (7168K), 7 survivors (7168K)
 Metaspace       used 57267K, committed 57664K, reserved 1114112K
  class space    used 7751K, committed 7936K, reserved 1048576K
}
Event: 15.621 GC heap before
{Heap before GC invocations=49 (full 0):
 garbage-first heap   total 168960K, used 144536K [0x0000000080000000, 0x0000000100000000)
  region size 1024K, 83 young (84992K), 7 survivors (7168K)
 Metaspace       used 57503K, committed 57984K, reserved 1114112K
  class space    used 7771K, committed 8000K, reserved 1048576K
}
Event: 15.626 GC heap after
{Heap after GC invocations=50 (full 0):
 garbage-first heap   total 168960K, used 61832K [0x0000000080000000, 0x0000000100000000)
  region size 1024K, 4 young (4096K), 4 survivors (4096K)
 Metaspace       used 57503K, committed 57984K, reserved 1114112K
  class space    used 7771K, committed 8000K, reserved 1048576K
}
Event: 15.841 GC heap before
{Heap before GC invocations=50 (full 0):
 garbage-first heap   total 168960K, used 145800K [0x0000000080000000, 0x0000000100000000)
  region size 1024K, 86 young (88064K), 4 survivors (4096K)
 Metaspace       used 57581K, committed 58048K, reserved 1114112K
  class space    used 7771K, committed 8000K, reserved 1048576K
}
Event: 15.847 GC heap after
{Heap after GC invocations=51 (full 0):
 garbage-first heap   total 168960K, used 63531K [0x0000000080000000, 0x0000000100000000)
  region size 1024K, 6 young (6144K), 6 survivors (6144K)
 Metaspace       used 57581K, committed 58048K, reserved 1114112K
  class space    used 7771K, committed 8000K, reserved 1048576K
}
Event: 16.047 GC heap before
{Heap before GC invocations=51 (full 0):
 garbage-first heap   total 168960K, used 147499K [0x0000000080000000, 0x0000000100000000)
  region size 1024K, 84 young (86016K), 6 survivors (6144K)
 Metaspace       used 57835K, committed 58304K, reserved 1114112K
  class space    used 7802K, committed 8000K, reserved 1048576K
}
Event: 16.051 GC heap after
{Heap after GC invocations=52 (full 0):
 garbage-first heap   total 202752K, used 71146K [0x0000000080000000, 0x0000000100000000)
  region size 1024K, 8 young (8192K), 8 survivors (8192K)
 Metaspace       used 57835K, committed 58304K, reserved 1114112K
  class space    used 7802K, committed 8000K, reserved 1048576K
}
Event: 16.188 GC heap before
{Heap before GC invocations=52 (full 0):
 garbage-first heap   total 202752K, used 172522K [0x0000000080000000, 0x0000000100000000)
  region size 1024K, 107 young (109568K), 8 survivors (8192K)
 Metaspace       used 57881K, committed 58368K, reserved 1114112K
  class space    used 7806K, committed 8000K, reserved 1048576K
}
Event: 16.192 GC heap after
{Heap after GC invocations=53 (full 0):
 garbage-first heap   total 202752K, used 71550K [0x0000000080000000, 0x0000000100000000)
  region size 1024K, 8 young (8192K), 8 survivors (8192K)
 Metaspace       used 57881K, committed 58368K, reserved 1114112K
  class space    used 7806K, committed 8000K, reserved 1048576K
}
Event: 16.453 GC heap before
{Heap before GC invocations=53 (full 0):
 garbage-first heap   total 202752K, used 171902K [0x0000000080000000, 0x0000000100000000)
  region size 1024K, 107 young (109568K), 8 survivors (8192K)
 Metaspace       used 57883K, committed 58368K, reserved 1114112K
  class space    used 7806K, committed 8000K, reserved 1048576K
}
Event: 16.457 GC heap after
{Heap after GC invocations=54 (full 0):
 garbage-first heap   total 202752K, used 72173K [0x0000000080000000, 0x0000000100000000)
  region size 1024K, 9 young (9216K), 9 survivors (9216K)
 Metaspace       used 57883K, committed 58368K, reserved 1114112K
  class space    used 7806K, committed 8000K, reserved 1048576K
}
Event: 16.895 GC heap before
{Heap before GC invocations=54 (full 0):
 garbage-first heap   total 202752K, used 171501K [0x0000000080000000, 0x0000000100000000)
  region size 1024K, 106 young (108544K), 9 survivors (9216K)
 Metaspace       used 57884K, committed 58368K, reserved 1114112K
  class space    used 7806K, committed 8000K, reserved 1048576K
}
Event: 16.900 GC heap after
{Heap after GC invocations=55 (full 0):
 garbage-first heap   total 202752K, used 71725K [0x0000000080000000, 0x0000000100000000)
  region size 1024K, 6 young (6144K), 6 survivors (6144K)
 Metaspace       used 57884K, committed 58368K, reserved 1114112K
  class space    used 7806K, committed 8000K, reserved 1048576K
}

